2026-03-05 21:38:52.496 +00:00 [INF] Now listening on: http://localhost:5000
2026-03-05 21:38:52.550 +00:00 [INF] Application started. Press Ctrl+C to shut down.
2026-03-05 21:38:52.554 +00:00 [INF] Hosting environment: Production
2026-03-05 21:38:52.555 +00:00 [INF] Content root path: C:\Users\dell\source\repos\PersonnelMS - Copy (2)\PersonnelMS\bin\Debug\net9.0
2026-03-05 21:38:57.567 +00:00 [INF] Request starting HTTP/1.1 GET http://localhost:5000/ - null null
2026-03-05 21:38:57.660 +00:00 [WRN] Failed to determine the https port for redirect.
2026-03-05 21:38:57.683 +00:00 [INF] Request finished HTTP/1.1 GET http://localhost:5000/ - 404 0 null 127.031ms
2026-03-05 21:38:57.697 +00:00 [INF] Request reached the end of the middleware pipeline without being handled by application code. Request path: GET http://localhost:5000/, Response status code: 404
2026-03-05 21:39:02.193 +00:00 [INF] Request starting HTTP/1.1 GET http://localhost:5000/api/personnel - null null
2026-03-05 21:39:02.212 +00:00 [INF] Executing endpoint 'PersonnelMS.Controllers.PersonnelController.ObtenirTous (PersonnelMS)'
2026-03-05 21:39:02.271 +00:00 [INF] Route matched with {action = "ObtenirTous", controller = "Personnel"}. Executing controller action with signature System.Threading.Tasks.Task`1[Microsoft.AspNetCore.Mvc.ActionResult`1[PersonnelMS.DTOs.PageResult`1[PersonnelMS.DTOs.PersonnelDto]]] ObtenirTous(Int32, Int32, System.String, System.String, System.Nullable`1[PersonnelMS.Enums.Statut]) on controller PersonnelMS.Controllers.PersonnelController (PersonnelMS).
2026-03-05 21:39:02.461 +00:00 [INF] Executing OkObjectResult, writing value of type 'PersonnelMS.DTOs.PageResult`1[[PersonnelMS.DTOs.PersonnelDto, PersonnelMS, Version=1.0.0.0, Culture=neutral, PublicKeyToken=null]]'.
2026-03-05 21:39:02.514 +00:00 [INF] Executed action PersonnelMS.Controllers.PersonnelController.ObtenirTous (PersonnelMS) in 234.6365ms
2026-03-05 21:39:02.519 +00:00 [INF] Executed endpoint 'PersonnelMS.Controllers.PersonnelController.ObtenirTous (PersonnelMS)'
2026-03-05 21:39:02.522 +00:00 [INF] Request finished HTTP/1.1 GET http://localhost:5000/api/personnel - 200 null application/json; charset=utf-8 329.8689ms
2026-03-05 21:39:02.937 +00:00 [INF] Request starting HTTP/1.1 GET http://localhost:5000/favicon.ico - null null
2026-03-05 21:39:02.944 +00:00 [INF] Request finished HTTP/1.1 GET http://localhost:5000/favicon.ico - 404 0 null 6.5873ms
2026-03-05 21:39:02.950 +00:00 [INF] Request reached the end of the middleware pipeline without being handled by application code. Request path: GET http://localhost:5000/favicon.ico, Response status code: 404
2026-03-05 21:39:19.482 +00:00 [INF] Request starting HTTP/1.1 GET http://localhost:5000/swagger/index.html - null null
2026-03-05 21:39:19.489 +00:00 [INF] Request finished HTTP/1.1 GET http://localhost:5000/swagger/index.html - 404 0 null 6.5241ms
2026-03-05 21:39:19.497 +00:00 [INF] Request reached the end of the middleware pipeline without being handled by application code. Request path: GET http://localhost:5000/swagger/index.html, Response status code: 404
2026-03-05 21:40:48.309 +00:00 [INF] Now listening on: http://localhost:5000
2026-03-05 21:40:48.349 +00:00 [INF] Application started. Press Ctrl+C to shut down.
2026-03-05 21:40:48.353 +00:00 [INF] Hosting environment: Production
2026-03-05 21:40:48.354 +00:00 [INF] Content root path: C:\Users\dell\source\repos\PersonnelMS - Copy (2)\PersonnelMS\bin\Debug\net9.0
